#! /usr/bin/vvp
:ivl_version "10.3 (stable)";
:ivl_delay_selection "TYPICAL";
:vpi_time_precision + 0;
:vpi_module "system";
:vpi_module "vhdl_sys";
:vpi_module "v2005_math";
:vpi_module "va_math";
S_0x55719c8c3450 .scope module, "top" "top" 2 32;
 .timescale 0 0;
v0x55719c8fef60_0 .var "A", 31 0;
v0x55719c8ff040_0 .var "B", 31 0;
RS_0x7f7e2c8f7418 .resolv tri, L_0x55719c90f9c0, L_0x55719c90ff70, L_0x55719c910890, L_0x55719c910f10, L_0x55719c911580, L_0x55719c911a10, L_0x55719c912670, L_0x55719c912aa0;
v0x55719c8ff100_0 .net8 "C", 31 0, RS_0x7f7e2c8f7418;  8 drivers
v0x55719c8ff1a0_0 .var "op", 2 0;
S_0x55719c8858d0 .scope module, "LU" "LogicUnit" 2 37, 2 1 0, S_0x55719c8c3450;
 .timescale 0 0;
    .port_info 0 /INPUT 3 "operation"
    .port_info 1 /INPUT 32 "A"
    .port_info 2 /INPUT 32 "B"
    .port_info 3 /OUTPUT 32 "C"
L_0x55719c90f840 .functor NOT 1, L_0x55719c90f750, C4<0>, C4<0>, C4<0>;
L_0x55719c90f900 .functor AND 32, v0x55719c8fef60_0, v0x55719c8ff040_0, C4<11111111111111111111111111111111>, C4<11111111111111111111111111111111>;
L_0x55719c90fd30 .functor NOT 1, L_0x55719c90fc90, C4<0>, C4<0>, C4<0>;
L_0x55719c90fdf0 .functor AND 1, L_0x55719c90fb50, L_0x55719c90fd30, C4<1>, C4<1>;
L_0x55719c90ff00 .functor XOR 32, v0x55719c8fef60_0, v0x55719c8ff040_0, C4<00000000000000000000000000000000>, C4<00000000000000000000000000000000>;
L_0x55719c910280 .functor NOT 1, L_0x55719c910190, C4<0>, C4<0>, C4<0>;
L_0x55719c910380 .functor AND 1, L_0x55719c9100f0, L_0x55719c910280, C4<1>, C4<1>;
L_0x55719c910530 .functor NOT 1, L_0x55719c910490, C4<0>, C4<0>, C4<0>;
L_0x55719c910640 .functor AND 1, L_0x55719c910380, L_0x55719c910530, C4<1>, C4<1>;
L_0x55719c910750 .functor AND 32, v0x55719c8fef60_0, v0x55719c8ff040_0, C4<11111111111111111111111111111111>, C4<11111111111111111111111111111111>;
L_0x55719c910820 .functor NOT 32, L_0x55719c910750, C4<00000000000000000000000000000000>, C4<00000000000000000000000000000000>, C4<00000000000000000000000000000000>;
L_0x55719c910a30 .functor NOT 1, L_0x55719c910990, C4<0>, C4<0>, C4<0>;
L_0x55719c910d10 .functor AND 1, L_0x55719c910a30, L_0x55719c910c20, C4<1>, C4<1>;
L_0x55719c910e20 .functor OR 32, v0x55719c8fef60_0, v0x55719c8ff040_0, C4<00000000000000000000000000000000>, C4<00000000000000000000000000000000>;
L_0x55719c910bb0 .functor NOT 1, L_0x55719c9112a0, C4<0>, C4<0>, C4<0>;
L_0x55719c910aa0 .functor AND 1, L_0x55719c9110d0, L_0x55719c910bb0, C4<1>, C4<1>;
L_0x55719c911510 .functor NOT 32, v0x55719c8fef60_0, C4<00000000000000000000000000000000>, C4<00000000000000000000000000000000>, C4<00000000000000000000000000000000>;
L_0x55719c911950 .functor NOT 1, L_0x55719c911800, C4<0>, C4<0>, C4<0>;
L_0x55719c911ab0 .functor AND 1, L_0x55719c911760, L_0x55719c911950, C4<1>, C4<1>;
L_0x55719c911bc0 .functor AND 1, L_0x55719c911ab0, L_0x55719c911620, C4<1>, C4<1>;
L_0x55719c911d80 .functor OR 32, v0x55719c8fef60_0, v0x55719c8ff040_0, C4<00000000000000000000000000000000>, C4<00000000000000000000000000000000>;
L_0x55719c911df0 .functor NOT 32, L_0x55719c911d80, C4<00000000000000000000000000000000>, C4<00000000000000000000000000000000>, C4<00000000000000000000000000000000>;
L_0x55719c9123d0 .functor NOT 1, L_0x55719c912330, C4<0>, C4<0>, C4<0>;
L_0x55719c912490 .functor AND 1, L_0x55719c912170, L_0x55719c9123d0, C4<1>, C4<1>;
L_0x55719c912890 .functor XOR 32, v0x55719c8fef60_0, v0x55719c8ff040_0, C4<00000000000000000000000000000000>, C4<00000000000000000000000000000000>;
L_0x55719c912900 .functor NOT 32, L_0x55719c912890, C4<00000000000000000000000000000000>, C4<00000000000000000000000000000000>, C4<00000000000000000000000000000000>;
v0x55719c8fba40_0 .net "A", 31 0, v0x55719c8fef60_0;  1 drivers
v0x55719c8fbb00_0 .net "B", 31 0, v0x55719c8ff040_0;  1 drivers
v0x55719c8fbbc0_0 .net8 "C", 31 0, RS_0x7f7e2c8f7418;  alias, 8 drivers
v0x55719c8fbc80_0 .net *"_s1", 0 0, L_0x55719c90f750;  1 drivers
v0x55719c8fbd40_0 .net *"_s101", 1 0, L_0x55719c9120d0;  1 drivers
v0x55719c8fbe70_0 .net *"_s103", 0 0, L_0x55719c912170;  1 drivers
v0x55719c8fbf30_0 .net *"_s105", 0 0, L_0x55719c912330;  1 drivers
v0x55719c8fc010_0 .net *"_s106", 0 0, L_0x55719c9123d0;  1 drivers
v0x55719c8fc0f0_0 .net *"_s108", 0 0, L_0x55719c912490;  1 drivers
v0x55719c8fc1d0_0 .net *"_s11", 0 0, L_0x55719c90fb50;  1 drivers
o0x7f7e2c8f7598 .functor BUFZ 32, C4<zzzzzzzzzzzzzzzzzzzzzzzzzzzzzzzz>; HiZ drive
; Elide local net with no drivers, v0x55719c8fc2b0_0 name=_s110
v0x55719c8fc390_0 .net *"_s115", 0 0, L_0x55719c9127f0;  1 drivers
v0x55719c8fc450_0 .net *"_s116", 31 0, L_0x55719c912890;  1 drivers
v0x55719c8fc530_0 .net *"_s118", 31 0, L_0x55719c912900;  1 drivers
o0x7f7e2c8f7658 .functor BUFZ 32, C4<zzzzzzzzzzzzzzzzzzzzzzzzzzzzzzzz>; HiZ drive
; Elide local net with no drivers, v0x55719c8fc610_0 name=_s120
v0x55719c8fc6f0_0 .net *"_s13", 1 0, L_0x55719c90fbf0;  1 drivers
v0x55719c8fc7d0_0 .net *"_s15", 0 0, L_0x55719c90fc90;  1 drivers
v0x55719c8fc890_0 .net *"_s16", 0 0, L_0x55719c90fd30;  1 drivers
v0x55719c8fc970_0 .net *"_s18", 0 0, L_0x55719c90fdf0;  1 drivers
v0x55719c8fca50_0 .net *"_s2", 0 0, L_0x55719c90f840;  1 drivers
v0x55719c8fcb30_0 .net *"_s20", 31 0, L_0x55719c90ff00;  1 drivers
o0x7f7e2c8f77a8 .functor BUFZ 32, C4<zzzzzzzzzzzzzzzzzzzzzzzzzzzzzzzz>; HiZ drive
; Elide local net with no drivers, v0x55719c8fcc10_0 name=_s22
v0x55719c8fccf0_0 .net *"_s27", 0 0, L_0x55719c9100f0;  1 drivers
v0x55719c8fcdd0_0 .net *"_s29", 0 0, L_0x55719c910190;  1 drivers
v0x55719c8fceb0_0 .net *"_s30", 0 0, L_0x55719c910280;  1 drivers
v0x55719c8fcf90_0 .net *"_s32", 0 0, L_0x55719c910380;  1 drivers
v0x55719c8fd070_0 .net *"_s35", 0 0, L_0x55719c910490;  1 drivers
v0x55719c8fd150_0 .net *"_s36", 0 0, L_0x55719c910530;  1 drivers
v0x55719c8fd230_0 .net *"_s38", 0 0, L_0x55719c910640;  1 drivers
v0x55719c8fd310_0 .net *"_s4", 31 0, L_0x55719c90f900;  1 drivers
v0x55719c8fd3f0_0 .net *"_s40", 31 0, L_0x55719c910750;  1 drivers
v0x55719c8fd4d0_0 .net *"_s42", 31 0, L_0x55719c910820;  1 drivers
o0x7f7e2c8f79b8 .functor BUFZ 32, C4<zzzzzzzzzzzzzzzzzzzzzzzzzzzzzzzz>; HiZ drive
; Elide local net with no drivers, v0x55719c8fd5b0_0 name=_s44
v0x55719c8fd8a0_0 .net *"_s49", 0 0, L_0x55719c910990;  1 drivers
v0x55719c8fd980_0 .net *"_s50", 0 0, L_0x55719c910a30;  1 drivers
v0x55719c8fda60_0 .net *"_s53", 1 0, L_0x55719c910b10;  1 drivers
v0x55719c8fdb40_0 .net *"_s55", 0 0, L_0x55719c910c20;  1 drivers
v0x55719c8fdc00_0 .net *"_s56", 0 0, L_0x55719c910d10;  1 drivers
v0x55719c8fdce0_0 .net *"_s58", 31 0, L_0x55719c910e20;  1 drivers
o0x7f7e2c8f7b08 .functor BUFZ 32, C4<zzzzzzzzzzzzzzzzzzzzzzzzzzzzzzzz>; HiZ drive
; Elide local net with no drivers, v0x55719c8fddc0_0 name=_s6
o0x7f7e2c8f7b38 .functor BUFZ 32, C4<zzzzzzzzzzzzzzzzzzzzzzzzzzzzzzzz>; HiZ drive
; Elide local net with no drivers, v0x55719c8fdea0_0 name=_s60
v0x55719c8fdf80_0 .net *"_s65", 0 0, L_0x55719c9110d0;  1 drivers
v0x55719c8fe060_0 .net *"_s67", 1 0, L_0x55719c911170;  1 drivers
v0x55719c8fe140_0 .net *"_s69", 0 0, L_0x55719c9112a0;  1 drivers
v0x55719c8fe200_0 .net *"_s70", 0 0, L_0x55719c910bb0;  1 drivers
v0x55719c8fe2e0_0 .net *"_s72", 0 0, L_0x55719c910aa0;  1 drivers
v0x55719c8fe3c0_0 .net *"_s74", 31 0, L_0x55719c911510;  1 drivers
o0x7f7e2c8f7c88 .functor BUFZ 32, C4<zzzzzzzzzzzzzzzzzzzzzzzzzzzzzzzz>; HiZ drive
; Elide local net with no drivers, v0x55719c8fe4a0_0 name=_s76
v0x55719c8fe580_0 .net *"_s81", 0 0, L_0x55719c911760;  1 drivers
v0x55719c8fe660_0 .net *"_s83", 0 0, L_0x55719c911800;  1 drivers
v0x55719c8fe740_0 .net *"_s84", 0 0, L_0x55719c911950;  1 drivers
v0x55719c8fe820_0 .net *"_s86", 0 0, L_0x55719c911ab0;  1 drivers
v0x55719c8fe900_0 .net *"_s89", 0 0, L_0x55719c911620;  1 drivers
v0x55719c8fe9e0_0 .net *"_s90", 0 0, L_0x55719c911bc0;  1 drivers
v0x55719c8feac0_0 .net *"_s92", 31 0, L_0x55719c911d80;  1 drivers
v0x55719c8feba0_0 .net *"_s94", 31 0, L_0x55719c911df0;  1 drivers
o0x7f7e2c8f7e38 .functor BUFZ 32, C4<zzzzzzzzzzzzzzzzzzzzzzzzzzzzzzzz>; HiZ drive
; Elide local net with no drivers, v0x55719c8fec80_0 name=_s96
v0x55719c8fed60_0 .net "operation", 2 0, v0x55719c8ff1a0_0;  1 drivers
v0x55719c8fee40_0 .net "twocmp", 31 0, L_0x55719c90e150;  1 drivers
L_0x55719c90f750 .reduce/or v0x55719c8ff1a0_0;
L_0x55719c90f9c0 .functor MUXZ 32, o0x7f7e2c8f7b08, L_0x55719c90f900, L_0x55719c90f840, C4<>;
L_0x55719c90fb50 .part v0x55719c8ff1a0_0, 0, 1;
L_0x55719c90fbf0 .part v0x55719c8ff1a0_0, 1, 2;
L_0x55719c90fc90 .reduce/or L_0x55719c90fbf0;
L_0x55719c90ff70 .functor MUXZ 32, o0x7f7e2c8f77a8, L_0x55719c90ff00, L_0x55719c90fdf0, C4<>;
L_0x55719c9100f0 .part v0x55719c8ff1a0_0, 1, 1;
L_0x55719c910190 .part v0x55719c8ff1a0_0, 0, 1;
L_0x55719c910490 .part v0x55719c8ff1a0_0, 2, 1;
L_0x55719c910890 .functor MUXZ 32, o0x7f7e2c8f79b8, L_0x55719c910820, L_0x55719c910640, C4<>;
L_0x55719c910990 .part v0x55719c8ff1a0_0, 2, 1;
L_0x55719c910b10 .part v0x55719c8ff1a0_0, 0, 2;
L_0x55719c910c20 .reduce/and L_0x55719c910b10;
L_0x55719c910f10 .functor MUXZ 32, o0x7f7e2c8f7b38, L_0x55719c910e20, L_0x55719c910d10, C4<>;
L_0x55719c9110d0 .part v0x55719c8ff1a0_0, 2, 1;
L_0x55719c911170 .part v0x55719c8ff1a0_0, 0, 2;
L_0x55719c9112a0 .reduce/or L_0x55719c911170;
L_0x55719c911580 .functor MUXZ 32, o0x7f7e2c8f7c88, L_0x55719c911510, L_0x55719c910aa0, C4<>;
L_0x55719c911760 .part v0x55719c8ff1a0_0, 2, 1;
L_0x55719c911800 .part v0x55719c8ff1a0_0, 1, 1;
L_0x55719c911620 .part v0x55719c8ff1a0_0, 0, 1;
L_0x55719c911a10 .functor MUXZ 32, o0x7f7e2c8f7e38, L_0x55719c911df0, L_0x55719c911bc0, C4<>;
L_0x55719c9120d0 .part v0x55719c8ff1a0_0, 1, 2;
L_0x55719c912170 .reduce/and L_0x55719c9120d0;
L_0x55719c912330 .part v0x55719c8ff1a0_0, 0, 1;
L_0x55719c912670 .functor MUXZ 32, o0x7f7e2c8f7598, L_0x55719c90e150, L_0x55719c912490, C4<>;
L_0x55719c9127f0 .reduce/and v0x55719c8ff1a0_0;
L_0x55719c912aa0 .functor MUXZ 32, o0x7f7e2c8f7658, L_0x55719c912900, L_0x55719c9127f0, C4<>;
S_0x55719c885b10 .scope module, "tc" "twocmp" 2 4, 2 17 0, S_0x55719c8858d0;
 .timescale 0 0;
    .port_info 0 /INPUT 32 "A"
    .port_info 1 /OUTPUT 32 "B"
v0x55719c8fb800_0 .net "A", 31 0, v0x55719c8fef60_0;  alias, 1 drivers
v0x55719c8fb900_0 .net "B", 31 0, L_0x55719c90e150;  alias, 1 drivers
L_0x55719c8ff270 .part v0x55719c8fef60_0, 0, 1;
L_0x55719c8ff340 .part v0x55719c8fef60_0, 0, 1;
L_0x55719c8ff4e0 .part v0x55719c8fef60_0, 1, 1;
L_0x55719c8ff670 .part v0x55719c8fef60_0, 1, 1;
L_0x55719c8ff900 .part v0x55719c8fef60_0, 0, 2;
L_0x55719c8ffa90 .part v0x55719c8fef60_0, 2, 1;
L_0x55719c8ffc30 .part v0x55719c8fef60_0, 2, 1;
L_0x55719c8ffe60 .part v0x55719c8fef60_0, 0, 3;
L_0x55719c900040 .part v0x55719c8fef60_0, 3, 1;
L_0x55719c9001a0 .part v0x55719c8fef60_0, 3, 1;
L_0x55719c900410 .part v0x55719c8fef60_0, 0, 4;
L_0x55719c9005a0 .part v0x55719c8fef60_0, 4, 1;
L_0x55719c900770 .part v0x55719c8fef60_0, 4, 1;
L_0x55719c9009d0 .part v0x55719c8fef60_0, 0, 5;
L_0x55719c900df0 .part v0x55719c8fef60_0, 5, 1;
L_0x55719c900ee0 .part v0x55719c8fef60_0, 5, 1;
L_0x55719c9011d0 .part v0x55719c8fef60_0, 0, 6;
L_0x55719c901360 .part v0x55719c8fef60_0, 6, 1;
L_0x55719c9014f0 .part v0x55719c8fef60_0, 6, 1;
L_0x55719c901750 .part v0x55719c8fef60_0, 0, 7;
L_0x55719c9018f0 .part v0x55719c8fef60_0, 7, 1;
L_0x55719c901a50 .part v0x55719c8fef60_0, 7, 1;
L_0x55719c901d70 .part v0x55719c8fef60_0, 0, 8;
L_0x55719c901f00 .part v0x55719c8fef60_0, 8, 1;
L_0x55719c902130 .part v0x55719c8fef60_0, 8, 1;
L_0x55719c902390 .part v0x55719c8fef60_0, 0, 9;
L_0x55719c902600 .part v0x55719c8fef60_0, 9, 1;
L_0x55719c902760 .part v0x55719c8fef60_0, 9, 1;
L_0x55719c902ab0 .part v0x55719c8fef60_0, 0, 10;
L_0x55719c902c40 .part v0x55719c8fef60_0, 10, 1;
L_0x55719c9032b0 .part v0x55719c8fef60_0, 10, 1;
L_0x55719c903510 .part v0x55719c8fef60_0, 0, 11;
L_0x55719c9037b0 .part v0x55719c8fef60_0, 11, 1;
L_0x55719c903910 .part v0x55719c8fef60_0, 11, 1;
L_0x55719c903c90 .part v0x55719c8fef60_0, 0, 12;
L_0x55719c903e20 .part v0x55719c8fef60_0, 12, 1;
L_0x55719c903ff0 .part v0x55719c8fef60_0, 12, 1;
L_0x55719c904220 .part v0x55719c8fef60_0, 0, 13;
L_0x55719c9044f0 .part v0x55719c8fef60_0, 13, 1;
L_0x55719c904650 .part v0x55719c8fef60_0, 13, 1;
L_0x55719c9049d0 .part v0x55719c8fef60_0, 0, 14;
L_0x55719c904b60 .part v0x55719c8fef60_0, 14, 1;
L_0x55719c904e20 .part v0x55719c8fef60_0, 14, 1;
L_0x55719c905080 .part v0x55719c8fef60_0, 0, 15;
L_0x55719c905380 .part v0x55719c8fef60_0, 15, 1;
L_0x55719c9054e0 .part v0x55719c8fef60_0, 15, 1;
L_0x55719c9058c0 .part v0x55719c8fef60_0, 0, 16;
L_0x55719c905a50 .part v0x55719c8fef60_0, 16, 1;
L_0x55719c905d40 .part v0x55719c8fef60_0, 16, 1;
L_0x55719c905fa0 .part v0x55719c8fef60_0, 0, 17;
L_0x55719c9062d0 .part v0x55719c8fef60_0, 17, 1;
L_0x55719c906430 .part v0x55719c8fef60_0, 17, 1;
L_0x55719c906840 .part v0x55719c8fef60_0, 0, 18;
L_0x55719c9069d0 .part v0x55719c8fef60_0, 18, 1;
L_0x55719c906cf0 .part v0x55719c8fef60_0, 18, 1;
L_0x55719c906f50 .part v0x55719c8fef60_0, 0, 19;
L_0x55719c9072b0 .part v0x55719c8fef60_0, 19, 1;
L_0x55719c907410 .part v0x55719c8fef60_0, 19, 1;
L_0x55719c907850 .part v0x55719c8fef60_0, 0, 20;
L_0x55719c9079e0 .part v0x55719c8fef60_0, 20, 1;
L_0x55719c907d30 .part v0x55719c8fef60_0, 20, 1;
L_0x55719c907f90 .part v0x55719c8fef60_0, 0, 21;
L_0x55719c908b30 .part v0x55719c8fef60_0, 21, 1;
L_0x55719c908c90 .part v0x55719c8fef60_0, 21, 1;
L_0x55719c909100 .part v0x55719c8fef60_0, 0, 22;
L_0x55719c909290 .part v0x55719c8fef60_0, 22, 1;
L_0x55719c909610 .part v0x55719c8fef60_0, 22, 1;
L_0x55719c909870 .part v0x55719c8fef60_0, 0, 23;
L_0x55719c909c30 .part v0x55719c8fef60_0, 23, 1;
L_0x55719c909d90 .part v0x55719c8fef60_0, 23, 1;
L_0x55719c90a230 .part v0x55719c8fef60_0, 0, 24;
L_0x55719c90a3c0 .part v0x55719c8fef60_0, 24, 1;
L_0x55719c90a770 .part v0x55719c8fef60_0, 24, 1;
L_0x55719c90a9d0 .part v0x55719c8fef60_0, 0, 25;
L_0x55719c90adc0 .part v0x55719c8fef60_0, 25, 1;
L_0x55719c90af20 .part v0x55719c8fef60_0, 25, 1;
L_0x55719c90b3f0 .part v0x55719c8fef60_0, 0, 26;
L_0x55719c90b580 .part v0x55719c8fef60_0, 26, 1;
L_0x55719c90b960 .part v0x55719c8fef60_0, 26, 1;
L_0x55719c90bbc0 .part v0x55719c8fef60_0, 0, 27;
L_0x55719c90bfe0 .part v0x55719c8fef60_0, 27, 1;
L_0x55719c90c140 .part v0x55719c8fef60_0, 27, 1;
L_0x55719c90c640 .part v0x55719c8fef60_0, 0, 28;
L_0x55719c90c7d0 .part v0x55719c8fef60_0, 28, 1;
L_0x55719c90cbe0 .part v0x55719c8fef60_0, 28, 1;
L_0x55719c90ce40 .part v0x55719c8fef60_0, 0, 29;
L_0x55719c90d290 .part v0x55719c8fef60_0, 29, 1;
L_0x55719c90d3f0 .part v0x55719c8fef60_0, 29, 1;
L_0x55719c90d920 .part v0x55719c8fef60_0, 0, 30;
L_0x55719c90dab0 .part v0x55719c8fef60_0, 30, 1;
L_0x55719c90def0 .part v0x55719c8fef60_0, 30, 1;
LS_0x55719c90e150_0_0 .concat8 [ 1 1 1 1], L_0x55719c8ff270, L_0x55719c8ff740, L_0x55719c8ffcd0, L_0x55719c9002a0;
LS_0x55719c90e150_0_4 .concat8 [ 1 1 1 1], L_0x55719c900810, L_0x55719c901010, L_0x55719c901590, L_0x55719c901bb0;
LS_0x55719c90e150_0_8 .concat8 [ 1 1 1 1], L_0x55719c9021d0, L_0x55719c9028f0, L_0x55719c903350, L_0x55719c903ad0;
LS_0x55719c90e150_0_12 .concat8 [ 1 1 1 1], L_0x55719c904090, L_0x55719c904840, L_0x55719c904ec0, L_0x55719c905700;
LS_0x55719c90e150_0_16 .concat8 [ 1 1 1 1], L_0x55719c905de0, L_0x55719c906680, L_0x55719c906d90, L_0x55719c907690;
LS_0x55719c90e150_0_20 .concat8 [ 1 1 1 1], L_0x55719c907dd0, L_0x55719c908f40, L_0x55719c9096b0, L_0x55719c90a070;
LS_0x55719c90e150_0_24 .concat8 [ 1 1 1 1], L_0x55719c90a810, L_0x55719c90b230, L_0x55719c90ba00, L_0x55719c90c480;
LS_0x55719c90e150_0_28 .concat8 [ 1 1 1 1], L_0x55719c90cc80, L_0x55719c90d760, L_0x55719c90df90, L_0x55719c90f570;
LS_0x55719c90e150_1_0 .concat8 [ 4 4 4 4], LS_0x55719c90e150_0_0, LS_0x55719c90e150_0_4, LS_0x55719c90e150_0_8, LS_0x55719c90e150_0_12;
LS_0x55719c90e150_1_4 .concat8 [ 4 4 4 4], LS_0x55719c90e150_0_16, LS_0x55719c90e150_0_20, LS_0x55719c90e150_0_24, LS_0x55719c90e150_0_28;
L_0x55719c90e150 .concat8 [ 16 16 0 0], LS_0x55719c90e150_1_0, LS_0x55719c90e150_1_4;
L_0x55719c90eee0 .part v0x55719c8fef60_0, 0, 31;
L_0x55719c90f070 .part v0x55719c8fef60_0, 31, 1;
L_0x55719c90f4d0 .part v0x55719c8fef60_0, 31, 1;
S_0x55719c8831d0 .scope generate, "genblk1[0]" "genblk1[0]" 2 21, 2 21 0, S_0x55719c885b10;
 .timescale 0 0;
P_0x55719c8833a0 .param/l "i" 0 2 21, +C4<00>;
S_0x55719c883440 .scope generate, "genblk2" "genblk2" 2 23, 2 23 0, S_0x55719c8831d0;
 .timescale 0 0;
v0x55719c8c4e50_0 .net *"_s0", 0 0, L_0x55719c8ff270;  1 drivers
S_0x55719c8e83f0 .scope generate, "genblk1[1]" "genblk1[1]" 2 21, 2 21 0, S_0x55719c885b10;
 .timescale 0 0;
P_0x55719c8e8600 .param/l "i" 0 2 21, +C4<01>;
S_0x55719c8e86c0 .scope generate, "genblk3" "genblk3" 2 23, 2 23 0, S_0x55719c8e83f0;
 .timescale 0 0;
L_0x55719c8ff580 .functor NOT 1, L_0x55719c8ff4e0, C4<0>, C4<0>, C4<0>;
v0x55719c8c32d0_0 .net *"_s0", 0 0, L_0x55719c8ff340;  1 drivers
v0x55719c8c0900_0 .net *"_s2", 0 0, L_0x55719c8ff410;  1 drivers
v0x55719c8be970_0 .net *"_s3", 0 0, L_0x55719c8ff4e0;  1 drivers
v0x55719c8bc970_0 .net *"_s4", 0 0, L_0x55719c8ff580;  1 drivers
v0x55719c8b9cc0_0 .net *"_s6", 0 0, L_0x55719c8ff670;  1 drivers
v0x55719c898ce0_0 .net *"_s7", 0 0, L_0x55719c8ff740;  1 drivers
L_0x55719c8ff410 .reduce/or L_0x55719c8ff340;
L_0x55719c8ff740 .functor MUXZ 1, L_0x55719c8ff670, L_0x55719c8ff580, L_0x55719c8ff410, C4<>;
S_0x55719c8e8a40 .scope generate, "genblk1[2]" "genblk1[2]" 2 21, 2 21 0, S_0x55719c885b10;
 .timescale 0 0;
P_0x55719c8e8c30 .param/l "i" 0 2 21, +C4<010>;
S_0x55719c8e8cf0 .scope generate, "genblk3" "genblk3" 2 23, 2 23 0, S_0x55719c8e8a40;
 .timescale 0 0;
L_0x55719c8ffb70 .functor NOT 1, L_0x55719c8ffa90, C4<0>, C4<0>, C4<0>;
v0x55719c8e8ec0_0 .net *"_s0", 1 0, L_0x55719c8ff900;  1 drivers
v0x55719c8e8fc0_0 .net *"_s2", 0 0, L_0x55719c8ff9a0;  1 drivers
v0x55719c8e9080_0 .net *"_s3", 0 0, L_0x55719c8ffa90;  1 drivers
v0x55719c8e9140_0 .net *"_s4", 0 0, L_0x55719c8ffb70;  1 drivers
v0x55719c8e9220_0 .net *"_s6", 0 0, L_0x55719c8ffc30;  1 drivers
v0x55719c8e9350_0 .net *"_s7", 0 0, L_0x55719c8ffcd0;  1 drivers
L_0x55719c8ff9a0 .reduce/or L_0x55719c8ff900;
L_0x55719c8ffcd0 .functor MUXZ 1, L_0x55719c8ffc30, L_0x55719c8ffb70, L_0x55719c8ff9a0, C4<>;
S_0x55719c8e9430 .scope generate, "genblk1[3]" "genblk1[3]" 2 21, 2 21 0, S_0x55719c885b10;
 .timescale 0 0;
P_0x55719c8e9620 .param/l "i" 0 2 21, +C4<011>;
S_0x55719c8e9700 .scope generate, "genblk3" "genblk3" 2 23, 2 23 0, S_0x55719c8e9430;
 .timescale 0 0;
L_0x55719c9000e0 .functor NOT 1, L_0x55719c900040, C4<0>, C4<0>, C4<0>;
v0x55719c8e98d0_0 .net *"_s0", 2 0, L_0x55719c8ffe60;  1 drivers
v0x55719c8e99d0_0 .net *"_s2", 0 0, L_0x55719c8fff50;  1 drivers
v0x55719c8e9a90_0 .net *"_s3", 0 0, L_0x55719c900040;  1 drivers
v0x55719c8e9b50_0 .net *"_s4", 0 0, L_0x55719c9000e0;  1 drivers
v0x55719c8e9c30_0 .net *"_s6", 0 0, L_0x55719c9001a0;  1 drivers
v0x55719c8e9d60_0 .net *"_s7", 0 0, L_0x55719c9002a0;  1 drivers
L_0x55719c8fff50 .reduce/or L_0x55719c8ffe60;
L_0x55719c9002a0 .functor MUXZ 1, L_0x55719c9001a0, L_0x55719c9000e0, L_0x55719c8fff50, C4<>;
S_0x55719c8e9e40 .scope generate, "genblk1[4]" "genblk1[4]" 2 21, 2 21 0, S_0x55719c885b10;
 .timescale 0 0;
P_0x55719c8ea080 .param/l "i" 0 2 21, +C4<0100>;
S_0x55719c8ea160 .scope generate, "genblk3" "genblk3" 2 23, 2 23 0, S_0x55719c8e9e40;
 .timescale 0 0;
L_0x55719c9006b0 .functor NOT 1, L_0x55719c9005a0, C4<0>, C4<0>, C4<0>;
v0x55719c8ea330_0 .net *"_s0", 3 0, L_0x55719c900410;  1 drivers
v0x55719c8ea430_0 .net *"_s2", 0 0, L_0x55719c9004b0;  1 drivers
v0x55719c8ea4f0_0 .net *"_s3", 0 0, L_0x55719c9005a0;  1 drivers
v0x55719c8ea5b0_0 .net *"_s4", 0 0, L_0x55719c9006b0;  1 drivers
v0x55719c8ea690_0 .net *"_s6", 0 0, L_0x55719c900770;  1 drivers
v0x55719c8ea7c0_0 .net *"_s7", 0 0, L_0x55719c900810;  1 drivers
L_0x55719c9004b0 .reduce/or L_0x55719c900410;
L_0x55719c900810 .functor MUXZ 1, L_0x55719c900770, L_0x55719c9006b0, L_0x55719c9004b0, C4<>;
S_0x55719c8ea8a0 .scope generate, "genblk1[5]" "genblk1[5]" 2 21, 2 21 0, S_0x55719c885b10;
 .timescale 0 0;
P_0x55719c8eaa90 .param/l "i" 0 2 21, +C4<0101>;
S_0x55719c8eab70 .scope generate, "genblk3" "genblk3" 2 23, 2 23 0, S_0x55719c8ea8a0;
 .timescale 0 0;
L_0x55719c900640 .functor NOT 1, L_0x55719c900df0, C4<0>, C4<0>, C4<0>;
v0x55719c8ead40_0 .net *"_s0", 4 0, L_0x55719c9009d0;  1 drivers
v0x55719c8eae40_0 .net *"_s2", 0 0, L_0x55719c900d00;  1 drivers
v0x55719c8eaf00_0 .net *"_s3", 0 0, L_0x55719c900df0;  1 drivers
v0x55719c8eafc0_0 .net *"_s4", 0 0, L_0x55719c900640;  1 drivers
v0x55719c8eb0a0_0 .net *"_s6", 0 0, L_0x55719c900ee0;  1 drivers
v0x55719c8eb1d0_0 .net *"_s7", 0 0, L_0x55719c901010;  1 drivers
L_0x55719c900d00 .reduce/or L_0x55719c9009d0;
L_0x55719c901010 .functor MUXZ 1, L_0x55719c900ee0, L_0x55719c900640, L_0x55719c900d00, C4<>;
S_0x55719c8eb2b0 .scope generate, "genblk1[6]" "genblk1[6]" 2 21, 2 21 0, S_0x55719c885b10;
 .timescale 0 0;
P_0x55719c8eb4a0 .param/l "i" 0 2 21, +C4<0110>;
S_0x55719c8eb580 .scope generate, "genblk3" "genblk3" 2 23, 2 23 0, S_0x55719c8eb2b0;
 .timescale 0 0;
L_0x55719c900f80 .functor NOT 1, L_0x55719c901360, C4<0>, C4<0>, C4<0>;
v0x55719c8eb750_0 .net *"_s0", 5 0, L_0x55719c9011d0;  1 drivers
v0x55719c8eb850_0 .net *"_s2", 0 0, L_0x55719c901270;  1 drivers
v0x55719c8eb910_0 .net *"_s3", 0 0, L_0x55719c901360;  1 drivers
v0x55719c8eb9d0_0 .net *"_s4", 0 0, L_0x55719c900f80;  1 drivers
v0x55719c8ebab0_0 .net *"_s6", 0 0, L_0x55719c9014f0;  1 drivers
v0x55719c8ebbe0_0 .net *"_s7", 0 0, L_0x55719c901590;  1 drivers
L_0x55719c901270 .reduce/or L_0x55719c9011d0;
L_0x55719c901590 .functor MUXZ 1, L_0x55719c9014f0, L_0x55719c900f80, L_0x55719c901270, C4<>;
S_0x55719c8ebcc0 .scope generate, "genblk1[7]" "genblk1[7]" 2 21, 2 21 0, S_0x55719c885b10;
 .timescale 0 0;
P_0x55719c8ebeb0 .param/l "i" 0 2 21, +C4<0111>;
S_0x55719c8ebf90 .scope generate, "genblk3" "genblk3" 2 23, 2 23 0, S_0x55719c8ebcc0;
 .timescale 0 0;
L_0x55719c901990 .functor NOT 1, L_0x55719c9018f0, C4<0>, C4<0>, C4<0>;
v0x55719c8ec160_0 .net *"_s0", 6 0, L_0x55719c901750;  1 drivers
v0x55719c8ec260_0 .net *"_s2", 0 0, L_0x55719c901400;  1 drivers
v0x55719c8ec320_0 .net *"_s3", 0 0, L_0x55719c9018f0;  1 drivers
v0x55719c8ec3e0_0 .net *"_s4", 0 0, L_0x55719c901990;  1 drivers
v0x55719c8ec4c0_0 .net *"_s6", 0 0, L_0x55719c901a50;  1 drivers
v0x55719c8ec5f0_0 .net *"_s7", 0 0, L_0x55719c901bb0;  1 drivers
L_0x55719c901400 .reduce/or L_0x55719c901750;
L_0x55719c901bb0 .functor MUXZ 1, L_0x55719c901a50, L_0x55719c901990, L_0x55719c901400, C4<>;
S_0x55719c8ec6d0 .scope generate, "genblk1[8]" "genblk1[8]" 2 21, 2 21 0, S_0x55719c885b10;
 .timescale 0 0;
P_0x55719c8ea030 .param/l "i" 0 2 21, +C4<01000>;
S_0x55719c8ec950 .scope generate, "genblk3" "genblk3" 2 23, 2 23 0, S_0x55719c8ec6d0;
 .timescale 0 0;
L_0x55719c902070 .functor NOT 1, L_0x55719c901f00, C4<0>, C4<0>, C4<0>;
v0x55719c8ecb20_0 .net *"_s0", 7 0, L_0x55719c901d70;  1 drivers
v0x55719c8ecc20_0 .net *"_s2", 0 0, L_0x55719c901e10;  1 drivers
v0x55719c8ecce0_0 .net *"_s3", 0 0, L_0x55719c901f00;  1 drivers
v0x55719c8ecda0_0 .net *"_s4", 0 0, L_0x55719c902070;  1 drivers
v0x55719c8ece80_0 .net *"_s6", 0 0, L_0x55719c902130;  1 drivers
v0x55719c8ecfb0_0 .net *"_s7", 0 0, L_0x55719c9021d0;  1 drivers
L_0x55719c901e10 .reduce/or L_0x55719c901d70;
L_0x55719c9021d0 .functor MUXZ 1, L_0x55719c902130, L_0x55719c902070, L_0x55719c901e10, C4<>;
S_0x55719c8ed090 .scope generate, "genblk1[9]" "genblk1[9]" 2 21, 2 21 0, S_0x55719c885b10;
 .timescale 0 0;
P_0x55719c8ed280 .param/l "i" 0 2 21, +C4<01001>;
S_0x55719c8ed360 .scope generate, "genblk3" "genblk3" 2 23, 2 23 0, S_0x55719c8ed090;
 .timescale 0 0;
L_0x55719c9026a0 .functor NOT 1, L_0x55719c902600, C4<0>, C4<0>, C4<0>;
v0x55719c8ed530_0 .net *"_s0", 8 0, L_0x55719c902390;  1 drivers
v0x55719c8ed630_0 .net *"_s2", 0 0, L_0x55719c902510;  1 drivers
v0x55719c8ed6f0_0 .net *"_s3", 0 0, L_0x55719c902600;  1 drivers
v0x55719c8ed7b0_0 .net *"_s4", 0 0, L_0x55719c9026a0;  1 drivers
v0x55719c8ed890_0 .net *"_s6", 0 0, L_0x55719c902760;  1 drivers
v0x55719c8ed9c0_0 .net *"_s7", 0 0, L_0x55719c9028f0;  1 drivers
L_0x55719c902510 .reduce/or L_0x55719c902390;
L_0x55719c9028f0 .functor MUXZ 1, L_0x55719c902760, L_0x55719c9026a0, L_0x55719c902510, C4<>;
S_0x55719c8edaa0 .scope generate, "genblk1[10]" "genblk1[10]" 2 21, 2 21 0, S_0x55719c885b10;
 .timescale 0 0;
P_0x55719c8edc90 .param/l "i" 0 2 21, +C4<01010>;
S_0x55719c8edd70 .scope generate, "genblk3" "genblk3" 2 23, 2 23 0, S_0x55719c8edaa0;
 .timescale 0 0;
L_0x55719c9031f0 .functor NOT 1, L_0x55719c902c40, C4<0>, C4<0>, C4<0>;
v0x55719c8edf40_0 .net *"_s0", 9 0, L_0x55719c902ab0;  1 drivers
v0x55719c8ee040_0 .net *"_s2", 0 0, L_0x55719c902b50;  1 drivers
v0x55719c8ee100_0 .net *"_s3", 0 0, L_0x55719c902c40;  1 drivers
v0x55719c8ee1c0_0 .net *"_s4", 0 0, L_0x55719c9031f0;  1 drivers
v0x55719c8ee2a0_0 .net *"_s6", 0 0, L_0x55719c9032b0;  1 drivers
v0x55719c8ee3d0_0 .net *"_s7", 0 0, L_0x55719c903350;  1 drivers
L_0x55719c902b50 .reduce/or L_0x55719c902ab0;
L_0x55719c903350 .functor MUXZ 1, L_0x55719c9032b0, L_0x55719c9031f0, L_0x55719c902b50, C4<>;
S_0x55719c8ee4b0 .scope generate, "genblk1[11]" "genblk1[11]" 2 21, 2 21 0, S_0x55719c885b10;
 .timescale 0 0;
P_0x55719c8ee6a0 .param/l "i" 0 2 21, +C4<01011>;
S_0x55719c8ee780 .scope generate, "genblk3" "genblk3" 2 23, 2 23 0, S_0x55719c8ee4b0;
 .timescale 0 0;
L_0x55719c903850 .functor NOT 1, L_0x55719c9037b0, C4<0>, C4<0>, C4<0>;
v0x55719c8ee950_0 .net *"_s0", 10 0, L_0x55719c903510;  1 drivers
v0x55719c8eea50_0 .net *"_s2", 0 0, L_0x55719c9036c0;  1 drivers
v0x55719c8eeb10_0 .net *"_s3", 0 0, L_0x55719c9037b0;  1 drivers
v0x55719c8eebd0_0 .net *"_s4", 0 0, L_0x55719c903850;  1 drivers
v0x55719c8eecb0_0 .net *"_s6", 0 0, L_0x55719c903910;  1 drivers
v0x55719c8eede0_0 .net *"_s7", 0 0, L_0x55719c903ad0;  1 drivers
L_0x55719c9036c0 .reduce/or L_0x55719c903510;
L_0x55719c903ad0 .functor MUXZ 1, L_0x55719c903910, L_0x55719c903850, L_0x55719c9036c0, C4<>;
S_0x55719c8eeec0 .scope generate, "genblk1[12]" "genblk1[12]" 2 21, 2 21 0, S_0x55719c885b10;
 .timescale 0 0;
P_0x55719c8ef0b0 .param/l "i" 0 2 21, +C4<01100>;
S_0x55719c8ef190 .scope generate, "genblk3" "genblk3" 2 23, 2 23 0, S_0x55719c8eeec0;
 .timescale 0 0;
L_0x55719c9039b0 .functor NOT 1, L_0x55719c903e20, C4<0>, C4<0>, C4<0>;
v0x55719c8ef360_0 .net *"_s0", 11 0, L_0x55719c903c90;  1 drivers
v0x55719c8ef460_0 .net *"_s2", 0 0, L_0x55719c903d30;  1 drivers
v0x55719c8ef520_0 .net *"_s3", 0 0, L_0x55719c903e20;  1 drivers
v0x55719c8ef5e0_0 .net *"_s4", 0 0, L_0x55719c9039b0;  1 drivers
v0x55719c8ef6c0_0 .net *"_s6", 0 0, L_0x55719c903ff0;  1 drivers
v0x55719c8ef7f0_0 .net *"_s7", 0 0, L_0x55719c904090;  1 drivers
L_0x55719c903d30 .reduce/or L_0x55719c903c90;
L_0x55719c904090 .functor MUXZ 1, L_0x55719c903ff0, L_0x55719c9039b0, L_0x55719c903d30, C4<>;
S_0x55719c8ef8d0 .scope generate, "genblk1[13]" "genblk1[13]" 2 21, 2 21 0, S_0x55719c885b10;
 .timescale 0 0;
P_0x55719c8efac0 .param/l "i" 0 2 21, +C4<01101>;
S_0x55719c8efba0 .scope generate, "genblk3" "genblk3" 2 23, 2 23 0, S_0x55719c8ef8d0;
 .timescale 0 0;
L_0x55719c904590 .functor NOT 1, L_0x55719c9044f0, C4<0>, C4<0>, C4<0>;
v0x55719c8efd70_0 .net *"_s0", 12 0, L_0x55719c904220;  1 drivers
v0x55719c8efe70_0 .net *"_s2", 0 0, L_0x55719c904400;  1 drivers
v0x55719c8eff30_0 .net *"_s3", 0 0, L_0x55719c9044f0;  1 drivers
v0x55719c8efff0_0 .net *"_s4", 0 0, L_0x55719c904590;  1 drivers
v0x55719c8f00d0_0 .net *"_s6", 0 0, L_0x55719c904650;  1 drivers
v0x55719c8f0200_0 .net *"_s7", 0 0, L_0x55719c904840;  1 drivers
L_0x55719c904400 .reduce/or L_0x55719c904220;
L_0x55719c904840 .functor MUXZ 1, L_0x55719c904650, L_0x55719c904590, L_0x55719c904400, C4<>;
S_0x55719c8f02e0 .scope generate, "genblk1[14]" "genblk1[14]" 2 21, 2 21 0, S_0x55719c885b10;
 .timescale 0 0;
P_0x55719c8f04d0 .param/l "i" 0 2 21, +C4<01110>;
S_0x55719c8f05b0 .scope generate, "genblk3" "genblk3" 2 23, 2 23 0, S_0x55719c8f02e0;
 .timescale 0 0;
L_0x55719c904d60 .functor NOT 1, L_0x55719c904b60, C4<0>, C4<0>, C4<0>;
v0x55719c8f0780_0 .net *"_s0", 13 0, L_0x55719c9049d0;  1 drivers
v0x55719c8f0880_0 .net *"_s2", 0 0, L_0x55719c904a70;  1 drivers
v0x55719c8f0940_0 .net *"_s3", 0 0, L_0x55719c904b60;  1 drivers
v0x55719c8f0a00_0 .net *"_s4", 0 0, L_0x55719c904d60;  1 drivers
v0x55719c8f0ae0_0 .net *"_s6", 0 0, L_0x55719c904e20;  1 drivers
v0x55719c8f0c10_0 .net *"_s7", 0 0, L_0x55719c904ec0;  1 drivers
L_0x55719c904a70 .reduce/or L_0x55719c9049d0;
L_0x55719c904ec0 .functor MUXZ 1, L_0x55719c904e20, L_0x55719c904d60, L_0x55719c904a70, C4<>;
S_0x55719c8f0cf0 .scope generate, "genblk1[15]" "genblk1[15]" 2 21, 2 21 0, S_0x55719c885b10;
 .timescale 0 0;
P_0x55719c8f0ee0 .param/l "i" 0 2 21, +C4<01111>;
S_0x55719c8f0fc0 .scope generate, "genblk3" "genblk3" 2 23, 2 23 0, S_0x55719c8f0cf0;
 .timescale 0 0;
L_0x55719c905420 .functor NOT 1, L_0x55719c905380, C4<0>, C4<0>, C4<0>;
v0x55719c8f1190_0 .net *"_s0", 14 0, L_0x55719c905080;  1 drivers
v0x55719c8f1290_0 .net *"_s2", 0 0, L_0x55719c905290;  1 drivers
v0x55719c8f1350_0 .net *"_s3", 0 0, L_0x55719c905380;  1 drivers
v0x55719c8f1410_0 .net *"_s4", 0 0, L_0x55719c905420;  1 drivers
v0x55719c8f14f0_0 .net *"_s6", 0 0, L_0x55719c9054e0;  1 drivers
v0x55719c8f1620_0 .net *"_s7", 0 0, L_0x55719c905700;  1 drivers
L_0x55719c905290 .reduce/or L_0x55719c905080;
L_0x55719c905700 .functor MUXZ 1, L_0x55719c9054e0, L_0x55719c905420, L_0x55719c905290, C4<>;
S_0x55719c8f1700 .scope generate, "genblk1[16]" "genblk1[16]" 2 21, 2 21 0, S_0x55719c885b10;
 .timescale 0 0;
P_0x55719c8f18f0 .param/l "i" 0 2 21, +C4<010000>;
S_0x55719c8f19d0 .scope generate, "genblk3" "genblk3" 2 23, 2 23 0, S_0x55719c8f1700;
 .timescale 0 0;
L_0x55719c905c80 .functor NOT 1, L_0x55719c905a50, C4<0>, C4<0>, C4<0>;
v0x55719c8f1ba0_0 .net *"_s0", 15 0, L_0x55719c9058c0;  1 drivers
v0x55719c8f1ca0_0 .net *"_s2", 0 0, L_0x55719c905960;  1 drivers
v0x55719c8f1d60_0 .net *"_s3", 0 0, L_0x55719c905a50;  1 drivers
v0x55719c8f1e20_0 .net *"_s4", 0 0, L_0x55719c905c80;  1 drivers
v0x55719c8f1f00_0 .net *"_s6", 0 0, L_0x55719c905d40;  1 drivers
v0x55719c8f2030_0 .net *"_s7", 0 0, L_0x55719c905de0;  1 drivers
L_0x55719c905960 .reduce/or L_0x55719c9058c0;
L_0x55719c905de0 .functor MUXZ 1, L_0x55719c905d40, L_0x55719c905c80, L_0x55719c905960, C4<>;
S_0x55719c8f2110 .scope generate, "genblk1[17]" "genblk1[17]" 2 21, 2 21 0, S_0x55719c885b10;
 .timescale 0 0;
P_0x55719c8f2300 .param/l "i" 0 2 21, +C4<010001>;
S_0x55719c8f23e0 .scope generate, "genblk3" "genblk3" 2 23, 2 23 0, S_0x55719c8f2110;
 .timescale 0 0;
L_0x55719c906370 .functor NOT 1, L_0x55719c9062d0, C4<0>, C4<0>, C4<0>;
v0x55719c8f25b0_0 .net *"_s0", 16 0, L_0x55719c905fa0;  1 drivers
v0x55719c8f26b0_0 .net *"_s2", 0 0, L_0x55719c9061e0;  1 drivers
v0x55719c8f2770_0 .net *"_s3", 0 0, L_0x55719c9062d0;  1 drivers
v0x55719c8f2830_0 .net *"_s4", 0 0, L_0x55719c906370;  1 drivers
v0x55719c8f2910_0 .net *"_s6", 0 0, L_0x55719c906430;  1 drivers
v0x55719c8f2a40_0 .net *"_s7", 0 0, L_0x55719c906680;  1 drivers
L_0x55719c9061e0 .reduce/or L_0x55719c905fa0;
L_0x55719c906680 .functor MUXZ 1, L_0x55719c906430, L_0x55719c906370, L_0x55719c9061e0, C4<>;
S_0x55719c8f2b20 .scope generate, "genblk1[18]" "genblk1[18]" 2 21, 2 21 0, S_0x55719c885b10;
 .timescale 0 0;
P_0x55719c8f2d10 .param/l "i" 0 2 21, +C4<010010>;
S_0x55719c8f2df0 .scope generate, "genblk3" "genblk3" 2 23, 2 23 0, S_0x55719c8f2b20;
 .timescale 0 0;
L_0x55719c906c30 .functor NOT 1, L_0x55719c9069d0, C4<0>, C4<0>, C4<0>;
v0x55719c8f2fc0_0 .net *"_s0", 17 0, L_0x55719c906840;  1 drivers
v0x55719c8f30c0_0 .net *"_s2", 0 0, L_0x55719c9068e0;  1 drivers
v0x55719c8f3180_0 .net *"_s3", 0 0, L_0x55719c9069d0;  1 drivers
v0x55719c8f3240_0 .net *"_s4", 0 0, L_0x55719c906c30;  1 drivers
v0x55719c8f3320_0 .net *"_s6", 0 0, L_0x55719c906cf0;  1 drivers
v0x55719c8f3450_0 .net *"_s7", 0 0, L_0x55719c906d90;  1 drivers
L_0x55719c9068e0 .reduce/or L_0x55719c906840;
L_0x55719c906d90 .functor MUXZ 1, L_0x55719c906cf0, L_0x55719c906c30, L_0x55719c9068e0, C4<>;
S_0x55719c8f3530 .scope generate, "genblk1[19]" "genblk1[19]" 2 21, 2 21 0, S_0x55719c885b10;
 .timescale 0 0;
P_0x55719c8f3720 .param/l "i" 0 2 21, +C4<010011>;
S_0x55719c8f3800 .scope generate, "genblk3" "genblk3" 2 23, 2 23 0, S_0x55719c8f3530;
 .timescale 0 0;
L_0x55719c907350 .functor NOT 1, L_0x55719c9072b0, C4<0>, C4<0>, C4<0>;
v0x55719c8f39d0_0 .net *"_s0", 18 0, L_0x55719c906f50;  1 drivers
v0x55719c8f3ad0_0 .net *"_s2", 0 0, L_0x55719c9071c0;  1 drivers
v0x55719c8f3b90_0 .net *"_s3", 0 0, L_0x55719c9072b0;  1 drivers
v0x55719c8f3c50_0 .net *"_s4", 0 0, L_0x55719c907350;  1 drivers
v0x55719c8f3d30_0 .net *"_s6", 0 0, L_0x55719c907410;  1 drivers
v0x55719c8f3e60_0 .net *"_s7", 0 0, L_0x55719c907690;  1 drivers
L_0x55719c9071c0 .reduce/or L_0x55719c906f50;
L_0x55719c907690 .functor MUXZ 1, L_0x55719c907410, L_0x55719c907350, L_0x55719c9071c0, C4<>;
S_0x55719c8f3f40 .scope generate, "genblk1[20]" "genblk1[20]" 2 21, 2 21 0, S_0x55719c885b10;
 .timescale 0 0;
P_0x55719c8f4130 .param/l "i" 0 2 21, +C4<010100>;
S_0x55719c8f4210 .scope generate, "genblk3" "genblk3" 2 23, 2 23 0, S_0x55719c8f3f40;
 .timescale 0 0;
L_0x55719c907c70 .functor NOT 1, L_0x55719c9079e0, C4<0>, C4<0>, C4<0>;
v0x55719c8f43e0_0 .net *"_s0", 19 0, L_0x55719c907850;  1 drivers
v0x55719c8f44e0_0 .net *"_s2", 0 0, L_0x55719c9078f0;  1 drivers
v0x55719c8f45a0_0 .net *"_s3", 0 0, L_0x55719c9079e0;  1 drivers
v0x55719c8f4660_0 .net *"_s4", 0 0, L_0x55719c907c70;  1 drivers
v0x55719c8f4740_0 .net *"_s6", 0 0, L_0x55719c907d30;  1 drivers
v0x55719c8f4870_0 .net *"_s7", 0 0, L_0x55719c907dd0;  1 drivers
L_0x55719c9078f0 .reduce/or L_0x55719c907850;
L_0x55719c907dd0 .functor MUXZ 1, L_0x55719c907d30, L_0x55719c907c70, L_0x55719c9078f0, C4<>;
S_0x55719c8f4950 .scope generate, "genblk1[21]" "genblk1[21]" 2 21, 2 21 0, S_0x55719c885b10;
 .timescale 0 0;
P_0x55719c8f4b40 .param/l "i" 0 2 21, +C4<010101>;
S_0x55719c8f4c20 .scope generate, "genblk3" "genblk3" 2 23, 2 23 0, S_0x55719c8f4950;
 .timescale 0 0;
L_0x55719c908bd0 .functor NOT 1, L_0x55719c908b30, C4<0>, C4<0>, C4<0>;
v0x55719c8f4df0_0 .net *"_s0", 20 0, L_0x55719c907f90;  1 drivers
v0x55719c8f4ef0_0 .net *"_s2", 0 0, L_0x55719c908a40;  1 drivers
v0x55719c8f4fb0_0 .net *"_s3", 0 0, L_0x55719c908b30;  1 drivers
v0x55719c8f5070_0 .net *"_s4", 0 0, L_0x55719c908bd0;  1 drivers
v0x55719c8f5150_0 .net *"_s6", 0 0, L_0x55719c908c90;  1 drivers
v0x55719c8f5280_0 .net *"_s7", 0 0, L_0x55719c908f40;  1 drivers
L_0x55719c908a40 .reduce/or L_0x55719c907f90;
L_0x55719c908f40 .functor MUXZ 1, L_0x55719c908c90, L_0x55719c908bd0, L_0x55719c908a40, C4<>;
S_0x55719c8f5360 .scope generate, "genblk1[22]" "genblk1[22]" 2 21, 2 21 0, S_0x55719c885b10;
 .timescale 0 0;
P_0x55719c8f5550 .param/l "i" 0 2 21, +C4<010110>;
S_0x55719c8f5630 .scope generate, "genblk3" "genblk3" 2 23, 2 23 0, S_0x55719c8f5360;
 .timescale 0 0;
L_0x55719c909550 .functor NOT 1, L_0x55719c909290, C4<0>, C4<0>, C4<0>;
v0x55719c8f5800_0 .net *"_s0", 21 0, L_0x55719c909100;  1 drivers
v0x55719c8f5900_0 .net *"_s2", 0 0, L_0x55719c9091a0;  1 drivers
v0x55719c8f59c0_0 .net *"_s3", 0 0, L_0x55719c909290;  1 drivers
v0x55719c8f5a80_0 .net *"_s4", 0 0, L_0x55719c909550;  1 drivers
v0x55719c8f5b60_0 .net *"_s6", 0 0, L_0x55719c909610;  1 drivers
v0x55719c8f5c90_0 .net *"_s7", 0 0, L_0x55719c9096b0;  1 drivers
L_0x55719c9091a0 .reduce/or L_0x55719c909100;
L_0x55719c9096b0 .functor MUXZ 1, L_0x55719c909610, L_0x55719c909550, L_0x55719c9091a0, C4<>;
S_0x55719c8f5d70 .scope generate, "genblk1[23]" "genblk1[23]" 2 21, 2 21 0, S_0x55719c885b10;
 .timescale 0 0;
P_0x55719c8f5f60 .param/l "i" 0 2 21, +C4<010111>;
S_0x55719c8f6040 .scope generate, "genblk3" "genblk3" 2 23, 2 23 0, S_0x55719c8f5d70;
 .timescale 0 0;
L_0x55719c909cd0 .functor NOT 1, L_0x55719c909c30, C4<0>, C4<0>, C4<0>;
v0x55719c8f6210_0 .net *"_s0", 22 0, L_0x55719c909870;  1 drivers
v0x55719c8f6310_0 .net *"_s2", 0 0, L_0x55719c909b40;  1 drivers
v0x55719c8f63d0_0 .net *"_s3", 0 0, L_0x55719c909c30;  1 drivers
v0x55719c8f6490_0 .net *"_s4", 0 0, L_0x55719c909cd0;  1 drivers
v0x55719c8f6570_0 .net *"_s6", 0 0, L_0x55719c909d90;  1 drivers
v0x55719c8f66a0_0 .net *"_s7", 0 0, L_0x55719c90a070;  1 drivers
L_0x55719c909b40 .reduce/or L_0x55719c909870;
L_0x55719c90a070 .functor MUXZ 1, L_0x55719c909d90, L_0x55719c909cd0, L_0x55719c909b40, C4<>;
S_0x55719c8f6780 .scope generate, "genblk1[24]" "genblk1[24]" 2 21, 2 21 0, S_0x55719c885b10;
 .timescale 0 0;
P_0x55719c8f6970 .param/l "i" 0 2 21, +C4<011000>;
S_0x55719c8f6a50 .scope generate, "genblk3" "genblk3" 2 23, 2 23 0, S_0x55719c8f6780;
 .timescale 0 0;
L_0x55719c90a6b0 .functor NOT 1, L_0x55719c90a3c0, C4<0>, C4<0>, C4<0>;
v0x55719c8f6c20_0 .net *"_s0", 23 0, L_0x55719c90a230;  1 drivers
v0x55719c8f6d20_0 .net *"_s2", 0 0, L_0x55719c90a2d0;  1 drivers
v0x55719c8f6de0_0 .net *"_s3", 0 0, L_0x55719c90a3c0;  1 drivers
v0x55719c8f6ea0_0 .net *"_s4", 0 0, L_0x55719c90a6b0;  1 drivers
v0x55719c8f6f80_0 .net *"_s6", 0 0, L_0x55719c90a770;  1 drivers
v0x55719c8f70b0_0 .net *"_s7", 0 0, L_0x55719c90a810;  1 drivers
L_0x55719c90a2d0 .reduce/or L_0x55719c90a230;
L_0x55719c90a810 .functor MUXZ 1, L_0x55719c90a770, L_0x55719c90a6b0, L_0x55719c90a2d0, C4<>;
S_0x55719c8f7190 .scope generate, "genblk1[25]" "genblk1[25]" 2 21, 2 21 0, S_0x55719c885b10;
 .timescale 0 0;
P_0x55719c8f7380 .param/l "i" 0 2 21, +C4<011001>;
S_0x55719c8f7460 .scope generate, "genblk3" "genblk3" 2 23, 2 23 0, S_0x55719c8f7190;
 .timescale 0 0;
L_0x55719c90ae60 .functor NOT 1, L_0x55719c90adc0, C4<0>, C4<0>, C4<0>;
v0x55719c8f7630_0 .net *"_s0", 24 0, L_0x55719c90a9d0;  1 drivers
v0x55719c8f7730_0 .net *"_s2", 0 0, L_0x55719c90acd0;  1 drivers
v0x55719c8f77f0_0 .net *"_s3", 0 0, L_0x55719c90adc0;  1 drivers
v0x55719c8f78b0_0 .net *"_s4", 0 0, L_0x55719c90ae60;  1 drivers
v0x55719c8f7990_0 .net *"_s6", 0 0, L_0x55719c90af20;  1 drivers
v0x55719c8f7ac0_0 .net *"_s7", 0 0, L_0x55719c90b230;  1 drivers
L_0x55719c90acd0 .reduce/or L_0x55719c90a9d0;
L_0x55719c90b230 .functor MUXZ 1, L_0x55719c90af20, L_0x55719c90ae60, L_0x55719c90acd0, C4<>;
S_0x55719c8f7ba0 .scope generate, "genblk1[26]" "genblk1[26]" 2 21, 2 21 0, S_0x55719c885b10;
 .timescale 0 0;
P_0x55719c8f7d90 .param/l "i" 0 2 21, +C4<011010>;
S_0x55719c8f7e70 .scope generate, "genblk3" "genblk3" 2 23, 2 23 0, S_0x55719c8f7ba0;
 .timescale 0 0;
L_0x55719c90b8a0 .functor NOT 1, L_0x55719c90b580, C4<0>, C4<0>, C4<0>;
v0x55719c8f8040_0 .net *"_s0", 25 0, L_0x55719c90b3f0;  1 drivers
v0x55719c8f8140_0 .net *"_s2", 0 0, L_0x55719c90b490;  1 drivers
v0x55719c8f8200_0 .net *"_s3", 0 0, L_0x55719c90b580;  1 drivers
v0x55719c8f82c0_0 .net *"_s4", 0 0, L_0x55719c90b8a0;  1 drivers
v0x55719c8f83a0_0 .net *"_s6", 0 0, L_0x55719c90b960;  1 drivers
v0x55719c8f84d0_0 .net *"_s7", 0 0, L_0x55719c90ba00;  1 drivers
L_0x55719c90b490 .reduce/or L_0x55719c90b3f0;
L_0x55719c90ba00 .functor MUXZ 1, L_0x55719c90b960, L_0x55719c90b8a0, L_0x55719c90b490, C4<>;
S_0x55719c8f85b0 .scope generate, "genblk1[27]" "genblk1[27]" 2 21, 2 21 0, S_0x55719c885b10;
 .timescale 0 0;
P_0x55719c8f87a0 .param/l "i" 0 2 21, +C4<011011>;
S_0x55719c8f8880 .scope generate, "genblk3" "genblk3" 2 23, 2 23 0, S_0x55719c8f85b0;
 .timescale 0 0;
L_0x55719c90c080 .functor NOT 1, L_0x55719c90bfe0, C4<0>, C4<0>, C4<0>;
v0x55719c8f8a50_0 .net *"_s0", 26 0, L_0x55719c90bbc0;  1 drivers
v0x55719c8f8b50_0 .net *"_s2", 0 0, L_0x55719c90bef0;  1 drivers
v0x55719c8f8c10_0 .net *"_s3", 0 0, L_0x55719c90bfe0;  1 drivers
v0x55719c8f8cd0_0 .net *"_s4", 0 0, L_0x55719c90c080;  1 drivers
v0x55719c8f8db0_0 .net *"_s6", 0 0, L_0x55719c90c140;  1 drivers
v0x55719c8f8ee0_0 .net *"_s7", 0 0, L_0x55719c90c480;  1 drivers
L_0x55719c90bef0 .reduce/or L_0x55719c90bbc0;
L_0x55719c90c480 .functor MUXZ 1, L_0x55719c90c140, L_0x55719c90c080, L_0x55719c90bef0, C4<>;
S_0x55719c8f8fc0 .scope generate, "genblk1[28]" "genblk1[28]" 2 21, 2 21 0, S_0x55719c885b10;
 .timescale 0 0;
P_0x55719c8f91b0 .param/l "i" 0 2 21, +C4<011100>;
S_0x55719c8f9290 .scope generate, "genblk3" "genblk3" 2 23, 2 23 0, S_0x55719c8f8fc0;
 .timescale 0 0;
L_0x55719c90cb20 .functor NOT 1, L_0x55719c90c7d0, C4<0>, C4<0>, C4<0>;
v0x55719c8f9460_0 .net *"_s0", 27 0, L_0x55719c90c640;  1 drivers
v0x55719c8f9560_0 .net *"_s2", 0 0, L_0x55719c90c6e0;  1 drivers
v0x55719c8f9620_0 .net *"_s3", 0 0, L_0x55719c90c7d0;  1 drivers
v0x55719c8f96e0_0 .net *"_s4", 0 0, L_0x55719c90cb20;  1 drivers
v0x55719c8f97c0_0 .net *"_s6", 0 0, L_0x55719c90cbe0;  1 drivers
v0x55719c8f98f0_0 .net *"_s7", 0 0, L_0x55719c90cc80;  1 drivers
L_0x55719c90c6e0 .reduce/or L_0x55719c90c640;
L_0x55719c90cc80 .functor MUXZ 1, L_0x55719c90cbe0, L_0x55719c90cb20, L_0x55719c90c6e0, C4<>;
S_0x55719c8f99d0 .scope generate, "genblk1[29]" "genblk1[29]" 2 21, 2 21 0, S_0x55719c885b10;
 .timescale 0 0;
P_0x55719c8f9bc0 .param/l "i" 0 2 21, +C4<011101>;
S_0x55719c8f9ca0 .scope generate, "genblk3" "genblk3" 2 23, 2 23 0, S_0x55719c8f99d0;
 .timescale 0 0;
L_0x55719c90d330 .functor NOT 1, L_0x55719c90d290, C4<0>, C4<0>, C4<0>;
v0x55719c8f9e70_0 .net *"_s0", 28 0, L_0x55719c90ce40;  1 drivers
v0x55719c8f9f70_0 .net *"_s2", 0 0, L_0x55719c90d1a0;  1 drivers
v0x55719c8fa030_0 .net *"_s3", 0 0, L_0x55719c90d290;  1 drivers
v0x55719c8fa0f0_0 .net *"_s4", 0 0, L_0x55719c90d330;  1 drivers
v0x55719c8fa1d0_0 .net *"_s6", 0 0, L_0x55719c90d3f0;  1 drivers
v0x55719c8fa300_0 .net *"_s7", 0 0, L_0x55719c90d760;  1 drivers
L_0x55719c90d1a0 .reduce/or L_0x55719c90ce40;
L_0x55719c90d760 .functor MUXZ 1, L_0x55719c90d3f0, L_0x55719c90d330, L_0x55719c90d1a0, C4<>;
S_0x55719c8fa3e0 .scope generate, "genblk1[30]" "genblk1[30]" 2 21, 2 21 0, S_0x55719c885b10;
 .timescale 0 0;
P_0x55719c8fa5d0 .param/l "i" 0 2 21, +C4<011110>;
S_0x55719c8fa6b0 .scope generate, "genblk3" "genblk3" 2 23, 2 23 0, S_0x55719c8fa3e0;
 .timescale 0 0;
L_0x55719c90de30 .functor NOT 1, L_0x55719c90dab0, C4<0>, C4<0>, C4<0>;
v0x55719c8fa880_0 .net *"_s0", 29 0, L_0x55719c90d920;  1 drivers
v0x55719c8fa980_0 .net *"_s2", 0 0, L_0x55719c90d9c0;  1 drivers
v0x55719c8faa40_0 .net *"_s3", 0 0, L_0x55719c90dab0;  1 drivers
v0x55719c8fab00_0 .net *"_s4", 0 0, L_0x55719c90de30;  1 drivers
v0x55719c8fabe0_0 .net *"_s6", 0 0, L_0x55719c90def0;  1 drivers
v0x55719c8fad10_0 .net *"_s7", 0 0, L_0x55719c90df90;  1 drivers
L_0x55719c90d9c0 .reduce/or L_0x55719c90d920;
L_0x55719c90df90 .functor MUXZ 1, L_0x55719c90def0, L_0x55719c90de30, L_0x55719c90d9c0, C4<>;
S_0x55719c8fadf0 .scope generate, "genblk1[31]" "genblk1[31]" 2 21, 2 21 0, S_0x55719c885b10;
 .timescale 0 0;
P_0x55719c8fafe0 .param/l "i" 0 2 21, +C4<011111>;
S_0x55719c8fb0c0 .scope generate, "genblk3" "genblk3" 2 23, 2 23 0, S_0x55719c8fadf0;
 .timescale 0 0;
L_0x55719c90f410 .functor NOT 1, L_0x55719c90f070, C4<0>, C4<0>, C4<0>;
v0x55719c8fb290_0 .net *"_s0", 30 0, L_0x55719c90eee0;  1 drivers
v0x55719c8fb390_0 .net *"_s2", 0 0, L_0x55719c90ef80;  1 drivers
v0x55719c8fb450_0 .net *"_s3", 0 0, L_0x55719c90f070;  1 drivers
v0x55719c8fb510_0 .net *"_s4", 0 0, L_0x55719c90f410;  1 drivers
v0x55719c8fb5f0_0 .net *"_s6", 0 0, L_0x55719c90f4d0;  1 drivers
v0x55719c8fb720_0 .net *"_s7", 0 0, L_0x55719c90f570;  1 drivers
L_0x55719c90ef80 .reduce/or L_0x55719c90eee0;
L_0x55719c90f570 .functor MUXZ 1, L_0x55719c90f4d0, L_0x55719c90f410, L_0x55719c90ef80, C4<>;
    .scope S_0x55719c8c3450;
T_0 ;
    %delay 0, 0;
    %pushi/vec4 219, 0, 32;
    %store/vec4 v0x55719c8fef60_0, 0, 32;
    %pushi/vec4 188, 0, 32;
    %store/vec4 v0x55719c8ff040_0, 0, 32;
    %pushi/vec4 0, 0, 3;
    %store/vec4 v0x55719c8ff1a0_0, 0, 3;
    %delay 10, 0;
    %pushi/vec4 1, 0, 3;
    %store/vec4 v0x55719c8ff1a0_0, 0, 3;
    %delay 10, 0;
    %pushi/vec4 2, 0, 3;
    %store/vec4 v0x55719c8ff1a0_0, 0, 3;
    %delay 10, 0;
    %pushi/vec4 3, 0, 3;
    %store/vec4 v0x55719c8ff1a0_0, 0, 3;
    %delay 10, 0;
    %pushi/vec4 4, 0, 3;
    %store/vec4 v0x55719c8ff1a0_0, 0, 3;
    %delay 10, 0;
    %pushi/vec4 5, 0, 3;
    %store/vec4 v0x55719c8ff1a0_0, 0, 3;
    %delay 10, 0;
    %pushi/vec4 6, 0, 3;
    %store/vec4 v0x55719c8ff1a0_0, 0, 3;
    %delay 10, 0;
    %pushi/vec4 7, 0, 3;
    %store/vec4 v0x55719c8ff1a0_0, 0, 3;
    %end;
    .thread T_0;
    .scope S_0x55719c8c3450;
T_1 ;
    %vpi_call 2 53 "$monitor", $time, " A=%b B=%b output=%b", v0x55719c8fef60_0, v0x55719c8ff040_0, v0x55719c8ff100_0 {0 0 0};
    %end;
    .thread T_1;
# The file index is used to find the file name in the following table.
:file_names 3;
    "N/A";
    "<interactive>";
    "LogicUnit.v";
